[debug] [2021-05-29T08:09:48.825Z] ----------------------------------------------------------------------
[debug] [2021-05-29T08:09:48.829Z] Command:       C:\Program Files\nodejs\node.exe C:\Users\murar\AppData\Roaming\npm\node_modules\firebase-tools\lib\bin\firebase.js init
[debug] [2021-05-29T08:09:48.829Z] CLI Version:   9.11.0
[debug] [2021-05-29T08:09:48.829Z] Platform:      win32
[debug] [2021-05-29T08:09:48.829Z] Node Version:  v14.16.1
[debug] [2021-05-29T08:09:48.831Z] Time:          Sat May 29 2021 13:39:48 GMT+0530 (India Standard Time)
[debug] [2021-05-29T08:09:48.831Z] ----------------------------------------------------------------------
[debug] 
[debug] [2021-05-29T08:09:48.840Z] > command requires scopes: ["email","openid","https://www.googleapis.com/auth/cloudplatformprojects.readonly","https://www.googleapis.com/auth/firebase","https://www.googleapis.com/auth/cloud-platform"]
[debug] [2021-05-29T08:09:48.841Z] > authorizing via signed-in user (murariraj.one@gmail.com)
[info] 
     ######## #### ########  ######## ########     ###     ######  ########
     ##        ##  ##     ## ##       ##     ##  ##   ##  ##       ##
     ######    ##  ########  ######   ########  #########  ######  ######
     ##        ##  ##    ##  ##       ##     ## ##     ##       ## ##
     ##       #### ##     ## ######## ########  ##     ##  ######  ########

You're about to initialize a Firebase project in this directory:

  C:\Users\murar\OneDrive\Desktop\Master Software\todoapp

Before we get started, keep in mind:

  * You are initializing in an existing Firebase project directory

